<?xml version="1.0" encoding="UTF-8"?>
<!-- Generated by org.testng.reporters.JUnitXMLReporter -->
<testsuite ignored="2" hostname="Nostras-MBP" failures="0" tests="1" name="Default test" time="3.153" errors="0" timestamp="13 Mar 2021 06:58:01 GMT">
  <testcase classname="com.jakartalabs.fullstack_automation.APITests" name="testloginAPIWithIncorrectCredentials" time="3.115"/>
  <testcase classname="com.jakartalabs.fullstack_automation.APITests" name="testloginAPI" time="0.0">
    <ignored/>
  </testcase> <!-- testloginAPI -->
  <testcase classname="com.jakartalabs.fullstack_automation.APITests" name="testDashboardAPI" time="0.0">
    <ignored/>
  </testcase> <!-- testDashboardAPI -->
</testsuite> <!-- Default test -->
