<?xml version="1.0" encoding="UTF-8"?>
<!-- Generated by org.testng.reporters.JUnitXMLReporter -->
<testsuite ignored="0" hostname="Nostras-MBP" failures="0" tests="3" name="Test" time="5.92" errors="0" timestamp="13 Mar 2021 07:34:00 GMT">
  <testcase classname="com.jakartalabs.fullstack_automation.APITests" name="testloginAPIWithIncorrectCredentials" time="3.501"/>
  <testcase classname="com.jakartalabs.fullstack_automation.APITests" name="testloginAPI" time="4.413"/>
  <testcase classname="com.jakartalabs.fullstack_automation.APITests" name="testDashboardAPI" time="1.467"/>
</testsuite> <!-- Test -->
