<?xml version="1.0" encoding="UTF-8"?>
<testng-results ignored="0" total="3" passed="3" failed="0" skipped="0">
  <reporter-output>
  </reporter-output>
  <suite started-at="2021-03-13T07:33:54Z" name="Suite" finished-at="2021-03-13T07:34:00Z" duration-ms="5920">
    <groups>
    </groups>
    <test started-at="2021-03-13T07:33:54Z" name="Test" finished-at="2021-03-13T07:34:00Z" duration-ms="5920">
      <class name="com.jakartalabs.fullstack_automation.APITests">
        <test-method signature="testloginAPI()[pri:1, instance:com.jakartalabs.fullstack_automation.APITests@160396db]" started-at="2021-03-13T07:33:54Z" name="testloginAPI" finished-at="2021-03-13T07:33:59Z" duration-ms="4413" status="PASS">
          <reporter-output>
          </reporter-output>
        </test-method> <!-- testloginAPI -->
        <test-method signature="testloginAPIWithIncorrectCredentials()[pri:1, instance:com.jakartalabs.fullstack_automation.APITests@160396db]" started-at="2021-03-13T07:33:54Z" name="testloginAPIWithIncorrectCredentials" finished-at="2021-03-13T07:33:58Z" duration-ms="3501" status="PASS">
          <reporter-output>
          </reporter-output>
        </test-method> <!-- testloginAPIWithIncorrectCredentials -->
        <test-method signature="testDashboardAPI()[pri:2, instance:com.jakartalabs.fullstack_automation.APITests@160396db]" started-at="2021-03-13T07:33:59Z" name="testDashboardAPI" finished-at="2021-03-13T07:34:00Z" duration-ms="1467" status="PASS">
          <reporter-output>
          </reporter-output>
        </test-method> <!-- testDashboardAPI -->
      </class> <!-- com.jakartalabs.fullstack_automation.APITests -->
    </test> <!-- Test -->
  </suite> <!-- Suite -->
</testng-results>
