<?xml version="1.0" encoding="UTF-8"?>
<testng-results ignored="2" total="3" passed="1" failed="0" skipped="0">
  <reporter-output>
  </reporter-output>
  <suite started-at="2021-03-13T06:57:58Z" name="Default suite" finished-at="2021-03-13T06:58:01Z" duration-ms="3153">
    <groups>
    </groups>
    <test started-at="2021-03-13T06:57:58Z" name="Default test" finished-at="2021-03-13T06:58:01Z" duration-ms="3153">
      <class name="com.jakartalabs.fullstack_automation.APITests">
        <test-method signature="testloginAPIWithIncorrectCredentials()[pri:1, instance:com.jakartalabs.fullstack_automation.APITests@28e19366]" started-at="2021-03-13T06:57:58Z" name="testloginAPIWithIncorrectCredentials" finished-at="2021-03-13T06:58:01Z" duration-ms="3115" status="PASS">
          <reporter-output>
          </reporter-output>
        </test-method> <!-- testloginAPIWithIncorrectCredentials -->
      </class> <!-- com.jakartalabs.fullstack_automation.APITests -->
    </test> <!-- Default test -->
  </suite> <!-- Default suite -->
</testng-results>
